<?xml version="1.0" encoding="UTF-8"?>
<testng-results ignored="0" total="1" passed="1" failed="0" skipped="0">
  <reporter-output>
  </reporter-output>
  <suite started-at="2019-04-06T10:36:36Z" name="Default suite" finished-at="2019-04-06T10:37:56Z" duration-ms="79994">
    <groups>
    </groups>
    <test started-at="2019-04-06T10:36:36Z" name="Default test" finished-at="2019-04-06T10:37:56Z" duration-ms="79994">
      <class name="Emp_Mallika.Edit_emp_ReportTo">
        <test-method signature="EmpDet_datadriventest()[pri:0, instance:Emp_Mallika.Edit_emp_ReportTo@57250572]" started-at="2019-04-06T10:36:36Z" name="EmpDet_datadriventest" finished-at="2019-04-06T10:37:56Z" duration-ms="79924" status="PASS">
          <reporter-output>
          </reporter-output>
        </test-method> <!-- EmpDet_datadriventest -->
      </class> <!-- Emp_Mallika.Edit_emp_ReportTo -->
    </test> <!-- Default test -->
  </suite> <!-- Default suite -->
</testng-results>
