<?xml version="1.0" encoding="UTF-8"?>
<testng-results ignored="0" total="1" passed="1" failed="0" skipped="0">
  <reporter-output>
  </reporter-output>
  <suite started-at="2019-03-29T04:04:29Z" name="Default suite" finished-at="2019-03-29T04:04:56Z" duration-ms="26752">
    <groups>
    </groups>
    <test started-at="2019-03-29T04:04:29Z" name="Default test" finished-at="2019-03-29T04:04:56Z" duration-ms="26752">
      <class name="UserManagement.AddEmp_photo">
        <test-method signature="AddEmp_datadriventest()[pri:0, instance:UserManagement.AddEmp_photo@2f465398]" started-at="2019-03-29T04:04:29Z" name="AddEmp_datadriventest" finished-at="2019-03-29T04:04:56Z" duration-ms="26689" status="PASS">
          <reporter-output>
          </reporter-output>
        </test-method> <!-- AddEmp_datadriventest -->
      </class> <!-- UserManagement.AddEmp_photo -->
    </test> <!-- Default test -->
  </suite> <!-- Default suite -->
</testng-results>
